#
# There is insufficient memory for the Java Runtime Environment to continue.
# Native memory allocation (malloc) failed to allocate 41360 bytes for Chunk::new
# Possible reasons:
#   The system is out of physical RAM or swap space
#   In 32 bit mode, the process size limit was hit
# Possible solutions:
#   Reduce memory load on the system
#   Increase physical memory or swap space
#   Check if swap backing store is full
#   Use 64 bit Java on a 64 bit OS
#   Decrease Java heap size (-Xmx/-Xms)
#   Decrease number of Java threads
#   Decrease Java thread stack sizes (-Xss)
#   Set larger code cache with -XX:ReservedCodeCacheSize=
# This output file may be truncated or incomplete.
#
#  Out of Memory Error (allocation.cpp:390), pid=12840, tid=0x0000000000000dc4
#
# JRE version: Java(TM) SE Runtime Environment (8.0_111-b14) (build 1.8.0_111-b14)
# Java VM: Java HotSpot(TM) 64-Bit Server VM (25.111-b14 mixed mode windows-amd64 compressed oops)
# Failed to write core dump. Minidumps are not enabled by default on client versions of Windows
#

---------------  T H R E A D  ---------------

Current thread (0x000000001766c000):  JavaThread "C2 CompilerThread0" daemon [_thread_in_native, id=3524, stack(0x0000000018d10000,0x0000000018e10000)]

Stack: [0x0000000018d10000,0x0000000018e10000]
[error occurred during error reporting (printing stack bounds), id 0xc0000005]

Native frames: (J=compiled Java code, j=interpreted, Vv=VM code, C=native code)


Current CompileTask:
C2:   6253 3038       4       com.sun.prism.impl.ps.BaseShaderContext::setTexture (44 bytes)


---------------  P R O C E S S  ---------------

Java Threads: ( => current thread )
  0x0000000019ac0800 JavaThread "Abandoned connection cleanup thread" daemon [_thread_blocked, id=2996, stack(0x00000000266a0000,0x00000000267a0000)]
  0x0000000019915800 JavaThread "Prism Font Disposer" daemon [_thread_blocked, id=7696, stack(0x0000000020330000,0x0000000020430000)]
  0x00000000196f9000 JavaThread "Thread-3" daemon [_thread_in_native, id=15584, stack(0x000000001eb90000,0x000000001ec90000)]
  0x00000000196dc800 JavaThread "JavaFX-Launcher" [_thread_blocked, id=14432, stack(0x000000001ec90000,0x000000001ed90000)]
  0x000000001964f800 JavaThread "JavaFX Application Thread" [_thread_blocked, id=8236, stack(0x000000001a2b0000,0x000000001a3b0000)]
  0x0000000019641000 JavaThread "Thread-1" daemon [_thread_blocked, id=11856, stack(0x000000001a1b0000,0x000000001a2b0000)]
  0x000000001962d800 JavaThread "QuantumRenderer-0" daemon [_thread_in_native, id=14648, stack(0x0000000019e10000,0x0000000019f10000)]
  0x0000000019031000 JavaThread "Service Thread" daemon [_thread_blocked, id=16076, stack(0x0000000019410000,0x0000000019510000)]
  0x0000000017698800 JavaThread "C1 CompilerThread2" daemon [_thread_blocked, id=9728, stack(0x0000000018f10000,0x0000000019010000)]
  0x0000000017670000 JavaThread "C2 CompilerThread1" daemon [_thread_blocked, id=6196, stack(0x0000000018e10000,0x0000000018f10000)]
=>0x000000001766c000 JavaThread "C2 CompilerThread0" daemon [_thread_in_native, id=3524, stack(0x0000000018d10000,0x0000000018e10000)]
  0x000000001766a800 JavaThread "Attach Listener" daemon [_thread_blocked, id=6920, stack(0x0000000018c10000,0x0000000018d10000)]
  0x0000000017669000 JavaThread "Signal Dispatcher" daemon [_thread_blocked, id=3696, stack(0x0000000018b10000,0x0000000018c10000)]
  0x0000000002afa800 JavaThread "Finalizer" daemon [_thread_blocked, id=2880, stack(0x00000000188e0000,0x00000000189e0000)]
  0x0000000002aef800 JavaThread "Reference Handler" daemon [_thread_blocked, id=14616, stack(0x00000000187e0000,0x00000000188e0000)]
  0x0000000002a01000 JavaThread "main" [_thread_blocked, id=16972, stack(0x0000000002900000,0x0000000002a00000)]

Other Threads:
  0x0000000017637800 VMThread [stack: 0x00000000186e0000,0x00000000187e0000] [id=7408]
  0x0000000019070000 WatcherThread [stack: 0x0000000019510000,0x0000000019610000] [id=16072]

VM state:not at safepoint (normal execution)

VM Mutex/Monitor currently owned by a thread: None

Heap:
 PSYoungGen      total 38400K, used 29782K [0x00000000d5c00000, 0x00000000d8680000, 0x0000000100000000)
  eden space 33280K, 89% used [0x00000000d5c00000,0x00000000d7915ac8,0x00000000d7c80000)
  from space 5120K, 0% used [0x00000000d8180000,0x00000000d8180000,0x00000000d8680000)
  to   space 5120K, 0% used [0x00000000d7c80000,0x00000000d7c80000,0x00000000d8180000)
 ParOldGen       total 82944K, used 13474K [0x0000000081400000, 0x0000000086500000, 0x00000000d5c00000)
  object space 82944K, 16% used [0x0000000081400000,0x0000000082128858,0x0000000086500000)
 Metaspace       used 23748K, capacity 25046K, committed 25216K, reserved 1071104K
  class space    used 3308K, capacity 3585K, committed 3712K, reserved 1048576K

Card table byte_map: [0x0000000011ec0000,0x00000000122c0000] byte_map_base: 0x0000000011ab6000

Marking Bits: (ParMarkBitMap*) 0x000000007019a6c0
 Begin Bits: [0x0000000012970000, 0x0000000014920000)
 End Bits:   [0x0000000014920000, 0x00000000168d0000)

Polling page: 0x0000000000fa0000

CodeCache: size=245760Kb used=9535Kb max_used=9535Kb free=236224Kb
 bounds [0x0000000002b00000, 0x0000000003460000, 0x0000000011b00000]
 total_blobs=3798 nmethods=3044 adapters=665
 compilation: enabled

Compilation events (10 events):
Event: 6.214 Thread 0x0000000017698800 3034  s!   3       com.sun.scenario.effect.impl.ImagePool::checkOut (447 bytes)
Event: 6.217 Thread 0x0000000017698800 nmethod 3034 0x00000000034426d0 code [0x0000000003442ae0, 0x0000000003445638]
Event: 6.232 Thread 0x0000000017698800 3035   !   3       com.sun.javafx.sg.prism.NGNode::accumulateGroupDirtyRegion (652 bytes)
Event: 6.233 Thread 0x000000001766c000 3038       4       com.sun.prism.impl.ps.BaseShaderContext::setTexture (44 bytes)
Event: 6.241 Thread 0x0000000017698800 nmethod 3035 0x0000000003446b10 code [0x0000000003447020, 0x000000000344a9f8]
Event: 6.242 Thread 0x0000000017698800 3040       1       com.sun.javafx.geom.transform.AffineBase::getMyt (5 bytes)
Event: 6.242 Thread 0x0000000017698800 nmethod 3040 0x000000000343d4d0 code [0x000000000343d620, 0x000000000343d730]
Event: 6.242 Thread 0x0000000017698800 3039       3       javafx.scene.Parent::updateCachedBounds (502 bytes)
Event: 6.246 Thread 0x0000000017698800 nmethod 3039 0x0000000003451ed0 code [0x00000000034521e0, 0x0000000003453e68]
Event: 6.246 Thread 0x0000000017698800 3036       3       com.sun.javafx.sg.prism.NGGroup::markCullRegions (198 bytes)

GC Heap History (6 events):
Event: 1.326 GC heap before
{Heap before GC invocations=1 (full 0):
 PSYoungGen      total 38400K, used 33280K [0x00000000d5c00000, 0x00000000d8680000, 0x0000000100000000)
  eden space 33280K, 100% used [0x00000000d5c00000,0x00000000d7c80000,0x00000000d7c80000)
  from space 5120K, 0% used [0x00000000d8180000,0x00000000d8180000,0x00000000d8680000)
  to   space 5120K, 0% used [0x00000000d7c80000,0x00000000d7c80000,0x00000000d8180000)
 ParOldGen       total 87552K, used 0K [0x0000000081400000, 0x0000000086980000, 0x00000000d5c00000)
  object space 87552K, 0% used [0x0000000081400000,0x0000000081400000,0x0000000086980000)
 Metaspace       used 15749K, capacity 16350K, committed 16512K, reserved 1062912K
  class space    used 2197K, capacity 2371K, committed 2432K, reserved 1048576K
Event: 1.334 GC heap after
Heap after GC invocations=1 (full 0):
 PSYoungGen      total 38400K, used 5112K [0x00000000d5c00000, 0x00000000d8680000, 0x0000000100000000)
  eden space 33280K, 0% used [0x00000000d5c00000,0x00000000d5c00000,0x00000000d7c80000)
  from space 5120K, 99% used [0x00000000d7c80000,0x00000000d817e240,0x00000000d8180000)
  to   space 5120K, 0% used [0x00000000d8180000,0x00000000d8180000,0x00000000d8680000)
 ParOldGen       total 87552K, used 1456K [0x0000000081400000, 0x0000000086980000, 0x00000000d5c00000)
  object space 87552K, 1% used [0x0000000081400000,0x000000008156c108,0x0000000086980000)
 Metaspace       used 15749K, capacity 16350K, committed 16512K, reserved 1062912K
  class space    used 2197K, capacity 2371K, committed 2432K, reserved 1048576K
}
Event: 3.134 GC heap before
{Heap before GC invocations=2 (full 0):
 PSYoungGen      total 38400K, used 27340K [0x00000000d5c00000, 0x00000000d8680000, 0x0000000100000000)
  eden space 33280K, 66% used [0x00000000d5c00000,0x00000000d71b4e98,0x00000000d7c80000)
  from space 5120K, 99% used [0x00000000d7c80000,0x00000000d817e240,0x00000000d8180000)
  to   space 5120K, 0% used [0x00000000d8180000,0x00000000d8180000,0x00000000d8680000)
 ParOldGen       total 87552K, used 1456K [0x0000000081400000, 0x0000000086980000, 0x00000000d5c00000)
  object space 87552K, 1% used [0x0000000081400000,0x000000008156c108,0x0000000086980000)
 Metaspace       used 20436K, capacity 21138K, committed 21248K, reserved 1067008K
  class space    used 2828K, capacity 3005K, committed 3072K, reserved 1048576K
Event: 3.146 GC heap after
Heap after GC invocations=2 (full 0):
 PSYoungGen      total 38400K, used 5112K [0x00000000d5c00000, 0x00000000d8680000, 0x0000000100000000)
  eden space 33280K, 0% used [0x00000000d5c00000,0x00000000d5c00000,0x00000000d7c80000)
  from space 5120K, 99% used [0x00000000d8180000,0x00000000d867e230,0x00000000d8680000)
  to   space 5120K, 0% used [0x00000000d7c80000,0x00000000d7c80000,0x00000000d8180000)
 ParOldGen       total 87552K, used 11408K [0x0000000081400000, 0x0000000086980000, 0x00000000d5c00000)
  object space 87552K, 13% used [0x0000000081400000,0x0000000081f24100,0x0000000086980000)
 Metaspace       used 20436K, capacity 21138K, committed 21248K, reserved 1067008K
  class space    used 2828K, capacity 3005K, committed 3072K, reserved 1048576K
}
Event: 3.146 GC heap before
{Heap before GC invocations=3 (full 1):
 PSYoungGen      total 38400K, used 5112K [0x00000000d5c00000, 0x00000000d8680000, 0x0000000100000000)
  eden space 33280K, 0% used [0x00000000d5c00000,0x00000000d5c00000,0x00000000d7c80000)
  from space 5120K, 99% used [0x00000000d8180000,0x00000000d867e230,0x00000000d8680000)
  to   space 5120K, 0% used [0x00000000d7c80000,0x00000000d7c80000,0x00000000d8180000)
 ParOldGen       total 87552K, used 11408K [0x0000000081400000, 0x0000000086980000, 0x00000000d5c00000)
  object space 87552K, 13% used [0x0000000081400000,0x0000000081f24100,0x0000000086980000)
 Metaspace       used 20436K, capacity 21138K, committed 21248K, reserved 1067008K
  class space    used 2828K, capacity 3005K, committed 3072K, reserved 1048576K
Event: 3.190 GC heap after
Heap after GC invocations=3 (full 1):
 PSYoungGen      total 38400K, used 0K [0x00000000d5c00000, 0x00000000d8680000, 0x0000000100000000)
  eden space 33280K, 0% used [0x00000000d5c00000,0x00000000d5c00000,0x00000000d7c80000)
  from space 5120K, 0% used [0x00000000d8180000,0x00000000d8180000,0x00000000d8680000)
  to   space 5120K, 0% used [0x00000000d7c80000,0x00000000d7c80000,0x00000000d8180000)
 ParOldGen       total 82944K, used 13474K [0x0000000081400000, 0x0000000086500000, 0x00000000d5c00000)
  object space 82944K, 16% used [0x0000000081400000,0x0000000082128858,0x0000000086500000)
 Metaspace       used 20436K, capacity 21138K, committed 21248K, reserved 1067008K
  class space    used 2828K, capacity 3005K, committed 3072K, reserved 1048576K
}

Deoptimization events (10 events):
Event: 4.414 Thread 0x000000001964f800 Uncommon trap: reason=array_check action=maybe_recompile pc=0x00000000032f5600 method=com.sun.javafx.css.SimpleSelector.applies(Ljavafx/css/Styleable;[Ljava/util/Set;I)Z @ 37
Event: 4.414 Thread 0x000000001964f800 Uncommon trap: reason=array_check action=maybe_recompile pc=0x00000000032f5600 method=com.sun.javafx.css.SimpleSelector.applies(Ljavafx/css/Styleable;[Ljava/util/Set;I)Z @ 37
Event: 4.415 Thread 0x000000001964f800 Uncommon trap: reason=array_check action=maybe_recompile pc=0x00000000032f5600 method=com.sun.javafx.css.SimpleSelector.applies(Ljavafx/css/Styleable;[Ljava/util/Set;I)Z @ 37
Event: 4.510 Thread 0x000000001964f800 Uncommon trap: reason=unstable_if action=reinterpret pc=0x00000000032a6b58 method=com.sun.javafx.css.BitSet.addAll(Ljava/util/Collection;)Z @ 1
Event: 4.640 Thread 0x000000001964f800 Uncommon trap: reason=unstable_if action=reinterpret pc=0x0000000003140e6c method=com.sun.javafx.geom.transform.AffineBase.updateState2D()V @ 33
Event: 4.640 Thread 0x000000001964f800 Uncommon trap: reason=unstable_if action=reinterpret pc=0x000000000317ca64 method=com.sun.javafx.geom.transform.AffineBase.updateState2D()V @ 33
Event: 4.668 Thread 0x000000001964f800 Uncommon trap: reason=unstable_if action=reinterpret pc=0x000000000315346c method=com.sun.javafx.font.CompositeStrike.getStrikeSlot(I)Lcom/sun/javafx/font/FontStrike; @ 8
Event: 4.707 Thread 0x000000001962d800 Uncommon trap: reason=class_check action=maybe_recompile pc=0x0000000003395b04 method=java.util.WeakHashMap.eq(Ljava/lang/Object;Ljava/lang/Object;)Z @ 7
Event: 4.715 Thread 0x000000001962d800 Uncommon trap: reason=null_check action=make_not_entrant pc=0x00000000031906cc method=com.sun.prism.impl.GlyphCache.getCachedGlyph(II)Lcom/sun/prism/impl/GlyphCache$GlyphData; @ 28
Event: 4.743 Thread 0x000000001962d800 Uncommon trap: reason=class_check action=maybe_recompile pc=0x0000000003395b04 method=java.util.WeakHashMap.eq(Ljava/lang/Object;Ljava/lang/Object;)Z @ 7

Internal exceptions (10 events):
Event: 1.071 Thread 0x000000001964f800 Exception <a 'java/lang/ArrayIndexOutOfBoundsException'> (0x00000000d76ab3f0) thrown at [C:\re\workspace\8-2-build-windows-amd64-cygwin\jdk8u111\7883\hotspot\src\share\vm\runtime\sharedRuntime.cpp, line 605]
Event: 1.299 Thread 0x000000001964f800 Implicit null exception at 0x0000000002e386f5 to 0x0000000002e38905
Event: 1.299 Thread 0x000000001964f800 Implicit null exception at 0x0000000002e3b118 to 0x0000000002e3b1a6
Event: 1.301 Thread 0x000000001964f800 Implicit null exception at 0x0000000002dc8e6f to 0x0000000002dc8ed9
Event: 2.737 Thread 0x000000001964f800 Implicit null exception at 0x0000000002df8e16 to 0x0000000002df91b9
Event: 4.156 Thread 0x000000001964f800 Exception <a 'java/lang/ArrayIndexOutOfBoundsException': 79> (0x00000000d60f9ad8) thrown at [C:\re\workspace\8-2-build-windows-amd64-cygwin\jdk8u111\7883\hotspot\src\share\vm\interpreter\interpreterRuntime.cpp, line 366]
Event: 4.156 Thread 0x000000001964f800 Exception <a 'java/lang/ArrayIndexOutOfBoundsException': 52> (0x00000000d60faad8) thrown at [C:\re\workspace\8-2-build-windows-amd64-cygwin\jdk8u111\7883\hotspot\src\share\vm\interpreter\interpreterRuntime.cpp, line 366]
Event: 4.157 Thread 0x000000001964f800 Exception <a 'java/lang/ArrayIndexOutOfBoundsException': 114> (0x00000000d60fc348) thrown at [C:\re\workspace\8-2-build-windows-amd64-cygwin\jdk8u111\7883\hotspot\src\share\vm\interpreter\interpreterRuntime.cpp, line 366]
Event: 4.510 Thread 0x000000001964f800 Implicit null exception at 0x00000000032a65ef to 0x00000000032a6b45
Event: 4.715 Thread 0x000000001962d800 Implicit null exception at 0x00000000031903f0 to 0x00000000031906b2

Events (10 events):
Event: 4.770 loading class com/sun/javafx/tk/quantum/WindowStage
Event: 4.770 loading class com/sun/javafx/tk/quantum/WindowStage done
Event: 4.772 loading class com/sun/prism/GraphicsResource
Event: 4.772 loading class com/sun/prism/GraphicsResource done
Event: 4.772 loading class com/sun/prism/GraphicsResource
Event: 4.772 loading class com/sun/prism/GraphicsResource done
Event: 4.773 loading class com/sun/javafx/tk/quantum/ViewScene
Event: 4.773 loading class com/sun/javafx/tk/quantum/ViewScene done
Event: 4.774 loading class com/sun/javafx/tk/quantum/WindowStage
Event: 4.774 loading class com/sun/javafx/tk/quantum/WindowStage done


Dynamic libraries:
0x00007ff648930000 - 0x00007ff648967000 	C:\Program Files\Java\jdk1.8.0_111\jre\bin\java.exe
0x00007fffc35d0000 - 0x00007fffc37c8000 	C:\WINDOWS\SYSTEM32\ntdll.dll
0x00007fffc3030000 - 0x00007fffc30ed000 	C:\WINDOWS\System32\KERNEL32.DLL
0x00007fffc10d0000 - 0x00007fffc13c6000 	C:\WINDOWS\System32\KERNELBASE.dll
0x00007fffc1b70000 - 0x00007fffc1c23000 	C:\WINDOWS\System32\ADVAPI32.dll
0x00007fffc2ca0000 - 0x00007fffc2d3e000 	C:\WINDOWS\System32\msvcrt.dll
0x00007fffc1e40000 - 0x00007fffc1edf000 	C:\WINDOWS\System32\sechost.dll
0x00007fffc3460000 - 0x00007fffc3586000 	C:\WINDOWS\System32\RPCRT4.dll
0x00007fffc1620000 - 0x00007fffc1647000 	C:\WINDOWS\System32\bcrypt.dll
0x00007fffc1f20000 - 0x00007fffc20be000 	C:\WINDOWS\System32\USER32.dll
0x00007fffc15f0000 - 0x00007fffc1612000 	C:\WINDOWS\System32\win32u.dll
0x00007fffc30f0000 - 0x00007fffc311b000 	C:\WINDOWS\System32\GDI32.dll
0x00007fffc14d0000 - 0x00007fffc15e7000 	C:\WINDOWS\System32\gdi32full.dll
0x00007fffc1030000 - 0x00007fffc10cd000 	C:\WINDOWS\System32\msvcp_win.dll
0x00007fffc0ee0000 - 0x00007fffc0fe0000 	C:\WINDOWS\System32\ucrtbase.dll
0x00007fffaf3d0000 - 0x00007fffaf66a000 	C:\WINDOWS\WinSxS\amd64_microsoft.windows.common-controls_6595b64144ccf1df_6.0.19041.3636_none_60b6a03d71f818d5\COMCTL32.dll
0x00007fffc1ee0000 - 0x00007fffc1f12000 	C:\WINDOWS\System32\IMM32.DLL
0x000000006f8a0000 - 0x000000006f972000 	C:\Program Files\Java\jdk1.8.0_111\jre\bin\msvcr100.dll
0x000000006f980000 - 0x000000007021a000 	C:\Program Files\Java\jdk1.8.0_111\jre\bin\server\jvm.dll
0x00007fffc32c0000 - 0x00007fffc32c8000 	C:\WINDOWS\System32\PSAPI.DLL
0x00007fffb0a90000 - 0x00007fffb0ab7000 	C:\WINDOWS\SYSTEM32\WINMM.dll
0x00007fffb53c0000 - 0x00007fffb53ca000 	C:\WINDOWS\SYSTEM32\VERSION.dll
0x00007fffbe250000 - 0x00007fffbe259000 	C:\WINDOWS\SYSTEM32\WSOCK32.dll
0x00007fffc20c0000 - 0x00007fffc212b000 	C:\WINDOWS\System32\WS2_32.dll
0x000000006f850000 - 0x000000006f85f000 	C:\Program Files\Java\jdk1.8.0_111\jre\bin\verify.dll
0x000000006f820000 - 0x000000006f849000 	C:\Program Files\Java\jdk1.8.0_111\jre\bin\java.dll
0x000000006f800000 - 0x000000006f816000 	C:\Program Files\Java\jdk1.8.0_111\jre\bin\zip.dll
0x00007fffc2130000 - 0x00007fffc2875000 	C:\WINDOWS\System32\SHELL32.dll
0x00007fffbee30000 - 0x00007fffbf5cc000 	C:\WINDOWS\SYSTEM32\windows.storage.dll
0x00007fffc2880000 - 0x00007fffc2bd4000 	C:\WINDOWS\System32\combase.dll
0x00007fffc07b0000 - 0x00007fffc07de000 	C:\WINDOWS\SYSTEM32\Wldp.dll
0x00007fffc2d50000 - 0x00007fffc2e1d000 	C:\WINDOWS\System32\OLEAUT32.dll
0x00007fffc33b0000 - 0x00007fffc345d000 	C:\WINDOWS\System32\SHCORE.dll
0x00007fffc2fd0000 - 0x00007fffc3025000 	C:\WINDOWS\System32\shlwapi.dll
0x00007fffc0cb0000 - 0x00007fffc0cd5000 	C:\WINDOWS\SYSTEM32\profapi.dll
0x00007fff9ef90000 - 0x00007fff9f07f000 	C:\Program Files\Java\jdk1.8.0_111\jre\bin\msvcr120.dll
0x00007fff9d810000 - 0x00007fff9d8b6000 	C:\Program Files\Java\jdk1.8.0_111\jre\bin\msvcp120.dll
0x000000006ea00000 - 0x000000006ea22000 	C:\Program Files\Java\jdk1.8.0_111\jre\bin\prism_d3d.dll
0x00007fff92d10000 - 0x00007fff92edd000 	C:\WINDOWS\system32\d3d9.dll
0x00007fffbec30000 - 0x00007fffbec42000 	C:\WINDOWS\SYSTEM32\kernel.appcore.dll
0x00007fffbe940000 - 0x00007fffbe96f000 	C:\WINDOWS\SYSTEM32\dwmapi.dll
0x00007fffbd9d0000 - 0x00007fffbda6e000 	C:\WINDOWS\system32\uxtheme.dll
0x00007fff6aec0000 - 0x00007fff6d3fa000 	C:\WINDOWS\SYSTEM32\igdumdim64.dll
0x00007fffc2e20000 - 0x00007fffc2f4b000 	C:\WINDOWS\System32\ole32.dll
0x00007fffc1700000 - 0x00007fffc1b6e000 	C:\WINDOWS\System32\SETUPAPI.dll
0x00007fffc0fe0000 - 0x00007fffc102e000 	C:\WINDOWS\System32\cfgmgr32.dll
0x000000006e9b0000 - 0x000000006e9f3000 	C:\Program Files\Java\jdk1.8.0_111\jre\bin\glass.dll
0x00007fffc32d0000 - 0x00007fffc33aa000 	C:\WINDOWS\System32\COMDLG32.dll
0x00007fffc3120000 - 0x00007fffc3234000 	C:\WINDOWS\System32\MSCTF.dll
0x00007fffc1440000 - 0x00007fffc14c2000 	C:\WINDOWS\System32\bcryptPrimitives.dll
0x00007fffb5e40000 - 0x00007fffb687f000 	C:\WINDOWS\SYSTEM32\igdusc64.dll
0x00007fffb7940000 - 0x00007fffb797b000 	C:\WINDOWS\SYSTEM32\dxcore.dll
0x000000006e990000 - 0x000000006e9a4000 	C:\Program Files\Java\jdk1.8.0_111\jre\bin\javafx_font.dll
0x00007fffa8bd0000 - 0x00007fffa8e4f000 	C:\WINDOWS\SYSTEM32\dwrite.dll
0x00007fffc0710000 - 0x00007fffc0728000 	C:\WINDOWS\SYSTEM32\CRYPTSP.dll
0x00007fffbfdd0000 - 0x00007fffbfe04000 	C:\WINDOWS\system32\rsaenh.dll
0x00007fffc0c70000 - 0x00007fffc0c9e000 	C:\WINDOWS\SYSTEM32\USERENV.dll
0x00007fffc0700000 - 0x00007fffc070c000 	C:\WINDOWS\SYSTEM32\CRYPTBASE.dll
0x000000006f7e0000 - 0x000000006f7fa000 	C:\Program Files\Java\jdk1.8.0_111\jre\bin\net.dll
0x00007fffc0510000 - 0x00007fffc057a000 	C:\WINDOWS\system32\mswsock.dll
0x00007fffc01b0000 - 0x00007fffc01eb000 	C:\WINDOWS\SYSTEM32\IPHLPAPI.DLL
0x00007fffc2c90000 - 0x00007fffc2c98000 	C:\WINDOWS\System32\NSI.dll
0x00007fffb8c20000 - 0x00007fffb8c37000 	C:\WINDOWS\SYSTEM32\dhcpcsvc6.DLL
0x00007fffb9470000 - 0x00007fffb948d000 	C:\WINDOWS\SYSTEM32\dhcpcsvc.DLL
0x00007fffc0200000 - 0x00007fffc02ca000 	C:\WINDOWS\SYSTEM32\DNSAPI.dll
0x000000006f7c0000 - 0x000000006f7d1000 	C:\Program Files\Java\jdk1.8.0_111\jre\bin\nio.dll
0x00007fffc2be0000 - 0x00007fffc2c89000 	C:\WINDOWS\System32\clbcatq.dll
0x00007fffb9270000 - 0x00007fffb9424000 	C:\WINDOWS\SYSTEM32\WindowsCodecs.dll
0x00007fffa49c0000 - 0x00007fffa49fe000 	C:\WINDOWS\system32\dataexchange.dll
0x00007fffbcd80000 - 0x00007fffbcf63000 	C:\WINDOWS\system32\dcomp.dll
0x00007fffbc3f0000 - 0x00007fffbc653000 	C:\WINDOWS\system32\d3d11.dll
0x00007fffbf630000 - 0x00007fffbf723000 	C:\WINDOWS\system32\dxgi.dll
0x00007fffb9590000 - 0x00007fffb9793000 	C:\WINDOWS\system32\twinapi.appcore.dll
0x00007fffa4370000 - 0x00007fffa43a4000 	C:\Program Files\Common Files\Microsoft Shared\Ink\rtscom.dll
0x00007fffaf0c0000 - 0x00007fffaf1b9000 	C:\WINDOWS\SYSTEM32\textinputframework.dll
0x00007fffbd2f0000 - 0x00007fffbd64b000 	C:\WINDOWS\System32\CoreUIComponents.dll
0x00007fffbd650000 - 0x00007fffbd742000 	C:\WINDOWS\System32\CoreMessaging.dll
0x00007fffbfef0000 - 0x00007fffbff23000 	C:\WINDOWS\SYSTEM32\ntmarta.dll
0x00007fffbcc20000 - 0x00007fffbcd75000 	C:\WINDOWS\SYSTEM32\wintypes.dll
0x00007fffade10000 - 0x00007fffade76000 	C:\WINDOWS\system32\Oleacc.dll
0x00007fffbc660000 - 0x00007fffbcc20000 	C:\WINDOWS\SYSTEM32\d2d1.dll
0x00007fffb79d0000 - 0x00007fffb80c6000 	C:\WINDOWS\SYSTEM32\D3D10Warp.dll
0x000000006e970000 - 0x000000006e981000 	C:\Program Files\Java\jdk1.8.0_111\jre\bin\prism_common.dll

VM Arguments:
jvm_args: -Dfile.encoding=UTF-8 
java_command: C:\Users\Samer\Documents\NetBeansProjects\PulsePro\dist\run1017246604\PulsePro.jar
java_class_path (initial): C:\Users\Samer\Documents\NetBeansProjects\PulsePro\dist\run1017246604\PulsePro.jar
Launcher Type: SUN_STANDARD

Environment Variables:
PATH=C:\Program Files (x86)\Common Files\Oracle\Java\javapath;C:\WINDOWS\system32;C:\WINDOWS;C:\WINDOWS\System32\Wbem;C:\WINDOWS\System32\WindowsPowerShell\v1.0;C:\WINDOWS\System32\OpenSSH;C:\Program Files\Git\cmd;C:\Program Files\nodejs;C:\Users\Samer\AppData\Local\Microsoft\WindowsApps;C:\Users\Samer\AppData\Local\GitHubDesktop\bin;C:\Users\Samer\AppData\Local\Programs\Microsoft VS Code\bin;C:\Users\Samer\AppData\Roaming\npm
USERNAME=Samer
OS=Windows_NT
PROCESSOR_IDENTIFIER=Intel64 Family 6 Model 69 Stepping 1, GenuineIntel



---------------  S Y S T E M  ---------------

OS: Windows 10.0 , 64 bit Build 19041 (10.0.19041.3636)

CPU:total 4 (2 cores per cpu, 2 threads per core) family 6 model 69 stepping 1, cmov, cx8, fxsr, mmx, sse, sse2, sse3, ssse3, sse4.1, sse4.2, popcnt, avx, avx2, aes, clmul, erms, lzcnt, ht, tsc, tscinvbit, bmi1, bmi2

Memory: 4k page, physical 8302956k(879632k free), swap 33468780k(4448k free)

vm_info: Java HotSpot(TM) 64-Bit Server VM (25.111-b14) for windows-amd64 JRE (1.8.0_111-b14), built on Sep 22 2016 19:24:05 by "java_re" with MS VC++ 10.0 (VS2010)

time: Mon Feb 12 22:27:33 2024
elapsed time: 6 seconds (0d 0h 0m 6s)

