#
# There is insufficient memory for the Java Runtime Environment to continue.
# Native memory allocation (malloc) failed to allocate 32744 bytes for ChunkPool::allocate
# Possible reasons:
#   The system is out of physical RAM or swap space
#   In 32 bit mode, the process size limit was hit
# Possible solutions:
#   Reduce memory load on the system
#   Increase physical memory or swap space
#   Check if swap backing store is full
#   Use 64 bit Java on a 64 bit OS
#   Decrease Java heap size (-Xmx/-Xms)
#   Decrease number of Java threads
#   Decrease Java thread stack sizes (-Xss)
#   Set larger code cache with -XX:ReservedCodeCacheSize=
# This output file may be truncated or incomplete.
#
#  Out of Memory Error (allocation.cpp:273), pid=2068, tid=0x0000000000000680
#
# JRE version: Java(TM) SE Runtime Environment (8.0_111-b14) (build 1.8.0_111-b14)
# Java VM: Java HotSpot(TM) 64-Bit Server VM (25.111-b14 mixed mode windows-amd64 compressed oops)
# Failed to write core dump. Minidumps are not enabled by default on client versions of Windows
#

---------------  T H R E A D  ---------------

Current thread (0x0000000017d1c000):  JavaThread "C2 CompilerThread0" daemon [_thread_in_native, id=1664, stack(0x00000000193a0000,0x00000000194a0000)]

Stack: [0x00000000193a0000,0x00000000194a0000]
[error occurred during error reporting (printing stack bounds), id 0xc0000005]

Native frames: (J=compiled Java code, j=interpreted, Vv=VM code, C=native code)


Current CompileTask:
C2:   7452 3158       4       javafx.scene.Node::updateBounds (174 bytes)


---------------  P R O C E S S  ---------------

Java Threads: ( => current thread )
  0x000000002119a800 JavaThread "Abandoned connection cleanup thread" daemon [_thread_blocked, id=7184, stack(0x0000000026d50000,0x0000000026e50000)]
  0x000000001a13b800 JavaThread "Prism Font Disposer" daemon [_thread_blocked, id=6936, stack(0x0000000020980000,0x0000000020a80000)]
  0x0000000019f4f000 JavaThread "Thread-3" daemon [_thread_in_native, id=15820, stack(0x000000001f1e0000,0x000000001f2e0000)]
  0x0000000019f5c000 JavaThread "JavaFX-Launcher" [_thread_blocked, id=14268, stack(0x000000001f2e0000,0x000000001f3e0000)]
  0x0000000019efc800 JavaThread "JavaFX Application Thread" [_thread_in_native, id=15500, stack(0x000000001a910000,0x000000001aa10000)]
  0x0000000019a6f800 JavaThread "Thread-1" daemon [_thread_blocked, id=15492, stack(0x000000001a810000,0x000000001a910000)]
  0x0000000019a90000 JavaThread "QuantumRenderer-0" daemon [_thread_in_native, id=12876, stack(0x0000000019ca0000,0x0000000019da0000)]
  0x00000000196c0800 JavaThread "Service Thread" daemon [_thread_blocked, id=5016, stack(0x0000000019aa0000,0x0000000019ba0000)]
  0x0000000017d26800 JavaThread "C1 CompilerThread2" daemon [_thread_blocked, id=15404, stack(0x00000000195a0000,0x00000000196a0000)]
  0x0000000017d20000 JavaThread "C2 CompilerThread1" daemon [_thread_in_native, id=13760, stack(0x00000000194a0000,0x00000000195a0000)]
=>0x0000000017d1c000 JavaThread "C2 CompilerThread0" daemon [_thread_in_native, id=1664, stack(0x00000000193a0000,0x00000000194a0000)]
  0x0000000017d1a800 JavaThread "Attach Listener" daemon [_thread_blocked, id=12144, stack(0x00000000192a0000,0x00000000193a0000)]
  0x0000000017d19000 JavaThread "Signal Dispatcher" daemon [_thread_blocked, id=6596, stack(0x00000000191a0000,0x00000000192a0000)]
  0x00000000031aa800 JavaThread "Finalizer" daemon [_thread_blocked, id=15620, stack(0x0000000018f70000,0x0000000019070000)]
  0x000000000319f000 JavaThread "Reference Handler" daemon [_thread_blocked, id=3844, stack(0x0000000018e70000,0x0000000018f70000)]
  0x00000000030b1000 JavaThread "main" [_thread_blocked, id=16420, stack(0x0000000002fb0000,0x00000000030b0000)]

Other Threads:
  0x0000000017ce7800 VMThread [stack: 0x0000000018d70000,0x0000000018e70000] [id=5556]
  0x00000000196cc800 WatcherThread [stack: 0x0000000019ba0000,0x0000000019ca0000] [id=13748]

VM state:not at safepoint (normal execution)

VM Mutex/Monitor currently owned by a thread: None

Heap:
 PSYoungGen      total 38400K, used 22907K [0x00000000d5c00000, 0x00000000d8680000, 0x0000000100000000)
  eden space 33280K, 68% used [0x00000000d5c00000,0x00000000d725eeb0,0x00000000d7c80000)
  from space 5120K, 0% used [0x00000000d8180000,0x00000000d8180000,0x00000000d8680000)
  to   space 5120K, 0% used [0x00000000d7c80000,0x00000000d7c80000,0x00000000d8180000)
 ParOldGen       total 83968K, used 13470K [0x0000000081400000, 0x0000000086600000, 0x00000000d5c00000)
  object space 83968K, 16% used [0x0000000081400000,0x0000000082127ba8,0x0000000086600000)
 Metaspace       used 23875K, capacity 25180K, committed 25344K, reserved 1071104K
  class space    used 3307K, capacity 3584K, committed 3584K, reserved 1048576K

Card table byte_map: [0x0000000012570000,0x0000000012970000] byte_map_base: 0x0000000012166000

Marking Bits: (ParMarkBitMap*) 0x000000007019a6c0
 Begin Bits: [0x0000000013020000, 0x0000000014fd0000)
 End Bits:   [0x0000000014fd0000, 0x0000000016f80000)

Polling page: 0x00000000010b0000

CodeCache: size=245760Kb used=9823Kb max_used=9834Kb free=235936Kb
 bounds [0x00000000031b0000, 0x0000000003b60000, 0x00000000121b0000]
 total_blobs=3919 nmethods=3164 adapters=665
 compilation: enabled

Compilation events (10 events):
Event: 7.439 Thread 0x0000000017d26800 nmethod 3161 0x0000000003b45450 code [0x0000000003b455c0, 0x0000000003b45848]
Event: 7.439 Thread 0x0000000017d26800 3162       3       javafx.animation.Animation$1::lambda$timePulse$25 (10 bytes)
Event: 7.439 Thread 0x0000000017d26800 nmethod 3162 0x0000000003b44fd0 code [0x0000000003b45140, 0x0000000003b45368]
Event: 7.439 Thread 0x0000000017d26800 3163       3       javafx.animation.Animation::impl_timePulse (60 bytes)
Event: 7.439 Thread 0x0000000017d26800 nmethod 3163 0x0000000003b4cb90 code [0x0000000003b4cd20, 0x0000000003b4d0d8]
Event: 7.439 Thread 0x0000000017d26800 3164       3       javafx.animation.AnimationAccessorImpl::playTo (8 bytes)
Event: 7.439 Thread 0x0000000017d26800 nmethod 3164 0x0000000003b4c710 code [0x0000000003b4c880, 0x0000000003b4caa8]
Event: 7.445 Thread 0x0000000017d20000 3165       4       com.sun.prism.d3d.D3DTextureResource::isValid (28 bytes)
Event: 7.446 Thread 0x0000000017d20000 nmethod 3165 0x0000000003b44cd0 code [0x0000000003b44e20, 0x0000000003b44ed8]
Event: 7.446 Thread 0x0000000017d20000 3166       4       javafx.scene.Parent::updateBounds (44 bytes)

GC Heap History (6 events):
Event: 1.367 GC heap before
{Heap before GC invocations=1 (full 0):
 PSYoungGen      total 38400K, used 33280K [0x00000000d5c00000, 0x00000000d8680000, 0x0000000100000000)
  eden space 33280K, 100% used [0x00000000d5c00000,0x00000000d7c80000,0x00000000d7c80000)
  from space 5120K, 0% used [0x00000000d8180000,0x00000000d8180000,0x00000000d8680000)
  to   space 5120K, 0% used [0x00000000d7c80000,0x00000000d7c80000,0x00000000d8180000)
 ParOldGen       total 87552K, used 0K [0x0000000081400000, 0x0000000086980000, 0x00000000d5c00000)
  object space 87552K, 0% used [0x0000000081400000,0x0000000081400000,0x0000000086980000)
 Metaspace       used 15735K, capacity 16350K, committed 16512K, reserved 1062912K
  class space    used 2197K, capacity 2371K, committed 2432K, reserved 1048576K
Event: 1.375 GC heap after
Heap after GC invocations=1 (full 0):
 PSYoungGen      total 38400K, used 5112K [0x00000000d5c00000, 0x00000000d8680000, 0x0000000100000000)
  eden space 33280K, 0% used [0x00000000d5c00000,0x00000000d5c00000,0x00000000d7c80000)
  from space 5120K, 99% used [0x00000000d7c80000,0x00000000d817e240,0x00000000d8180000)
  to   space 5120K, 0% used [0x00000000d8180000,0x00000000d8180000,0x00000000d8680000)
 ParOldGen       total 87552K, used 1472K [0x0000000081400000, 0x0000000086980000, 0x00000000d5c00000)
  object space 87552K, 1% used [0x0000000081400000,0x00000000815700f8,0x0000000086980000)
 Metaspace       used 15735K, capacity 16350K, committed 16512K, reserved 1062912K
  class space    used 2197K, capacity 2371K, committed 2432K, reserved 1048576K
}
Event: 2.918 GC heap before
{Heap before GC invocations=2 (full 0):
 PSYoungGen      total 38400K, used 27725K [0x00000000d5c00000, 0x00000000d8680000, 0x0000000100000000)
  eden space 33280K, 67% used [0x00000000d5c00000,0x00000000d72153a0,0x00000000d7c80000)
  from space 5120K, 99% used [0x00000000d7c80000,0x00000000d817e240,0x00000000d8180000)
  to   space 5120K, 0% used [0x00000000d8180000,0x00000000d8180000,0x00000000d8680000)
 ParOldGen       total 87552K, used 1472K [0x0000000081400000, 0x0000000086980000, 0x00000000d5c00000)
  object space 87552K, 1% used [0x0000000081400000,0x00000000815700f8,0x0000000086980000)
 Metaspace       used 20469K, capacity 21138K, committed 21248K, reserved 1067008K
  class space    used 2828K, capacity 3005K, committed 3072K, reserved 1048576K
Event: 2.930 GC heap after
Heap after GC invocations=2 (full 0):
 PSYoungGen      total 38400K, used 5104K [0x00000000d5c00000, 0x00000000d8680000, 0x0000000100000000)
  eden space 33280K, 0% used [0x00000000d5c00000,0x00000000d5c00000,0x00000000d7c80000)
  from space 5120K, 99% used [0x00000000d8180000,0x00000000d867c3e0,0x00000000d8680000)
  to   space 5120K, 0% used [0x00000000d7c80000,0x00000000d7c80000,0x00000000d8180000)
 ParOldGen       total 87552K, used 11433K [0x0000000081400000, 0x0000000086980000, 0x00000000d5c00000)
  object space 87552K, 13% used [0x0000000081400000,0x0000000081f2a7c8,0x0000000086980000)
 Metaspace       used 20469K, capacity 21138K, committed 21248K, reserved 1067008K
  class space    used 2828K, capacity 3005K, committed 3072K, reserved 1048576K
}
Event: 2.930 GC heap before
{Heap before GC invocations=3 (full 1):
 PSYoungGen      total 38400K, used 5104K [0x00000000d5c00000, 0x00000000d8680000, 0x0000000100000000)
  eden space 33280K, 0% used [0x00000000d5c00000,0x00000000d5c00000,0x00000000d7c80000)
  from space 5120K, 99% used [0x00000000d8180000,0x00000000d867c3e0,0x00000000d8680000)
  to   space 5120K, 0% used [0x00000000d7c80000,0x00000000d7c80000,0x00000000d8180000)
 ParOldGen       total 87552K, used 11433K [0x0000000081400000, 0x0000000086980000, 0x00000000d5c00000)
  object space 87552K, 13% used [0x0000000081400000,0x0000000081f2a7c8,0x0000000086980000)
 Metaspace       used 20469K, capacity 21138K, committed 21248K, reserved 1067008K
  class space    used 2828K, capacity 3005K, committed 3072K, reserved 1048576K
Event: 2.986 GC heap after
Heap after GC invocations=3 (full 1):
 PSYoungGen      total 38400K, used 0K [0x00000000d5c00000, 0x00000000d8680000, 0x0000000100000000)
  eden space 33280K, 0% used [0x00000000d5c00000,0x00000000d5c00000,0x00000000d7c80000)
  from space 5120K, 0% used [0x00000000d8180000,0x00000000d8180000,0x00000000d8680000)
  to   space 5120K, 0% used [0x00000000d7c80000,0x00000000d7c80000,0x00000000d8180000)
 ParOldGen       total 83968K, used 13470K [0x0000000081400000, 0x0000000086600000, 0x00000000d5c00000)
  object space 83968K, 16% used [0x0000000081400000,0x0000000082127ba8,0x0000000086600000)
 Metaspace       used 20469K, capacity 21138K, committed 21248K, reserved 1067008K
  class space    used 2828K, capacity 3005K, committed 3072K, reserved 1048576K
}

Deoptimization events (10 events):
Event: 4.006 Thread 0x0000000019efc800 Uncommon trap: reason=array_check action=maybe_recompile pc=0x000000000395bf34 method=com.sun.javafx.css.SimpleSelector.applies(Ljavafx/css/Styleable;[Ljava/util/Set;I)Z @ 37
Event: 4.142 Thread 0x0000000019efc800 Uncommon trap: reason=unstable_if action=reinterpret pc=0x0000000003917498 method=com.sun.javafx.css.BitSet.addAll(Ljava/util/Collection;)Z @ 1
Event: 4.266 Thread 0x0000000019efc800 Uncommon trap: reason=unstable_if action=reinterpret pc=0x000000000360e030 method=com.sun.javafx.iio.common.SmoothMinifier.putSourceScanline([BI)Z @ 419
Event: 4.306 Thread 0x0000000019efc800 Uncommon trap: reason=unstable_if action=reinterpret pc=0x00000000037fe8a4 method=com.sun.javafx.geom.transform.AffineBase.updateState2D()V @ 33
Event: 4.312 Thread 0x0000000019efc800 Uncommon trap: reason=unstable_if action=reinterpret pc=0x00000000037cb7ec method=com.sun.javafx.font.CompositeStrike.getStrikeSlot(I)Lcom/sun/javafx/font/FontStrike; @ 8
Event: 4.329 Thread 0x0000000019efc800 Uncommon trap: reason=unstable_if action=reinterpret pc=0x000000000393be64 method=jdk.internal.org.objectweb.asm.Item.isEqualTo(Ljdk/internal/org/objectweb/asm/Item;)Z @ 331
Event: 7.407 Thread 0x0000000019efc800 Uncommon trap: reason=unstable_if action=reinterpret pc=0x0000000003ae76c8 method=javafx.scene.Node.updateBounds()V @ 47
Event: 7.407 Thread 0x0000000019efc800 Uncommon trap: reason=unstable_if action=reinterpret pc=0x0000000003ae76c8 method=javafx.scene.Node.updateBounds()V @ 47
Event: 7.407 Thread 0x0000000019efc800 Uncommon trap: reason=unstable_if action=reinterpret pc=0x0000000003ac08e8 method=javafx.scene.Node.updateBounds()V @ 47
Event: 7.407 Thread 0x0000000019efc800 Uncommon trap: reason=unstable_if action=reinterpret pc=0x0000000003ae76c8 method=javafx.scene.Node.updateBounds()V @ 47

Internal exceptions (10 events):
Event: 0.682 Thread 0x0000000019efc800 Exception <a 'java/lang/ArrayIndexOutOfBoundsException'> (0x00000000d701bd78) thrown at [C:\re\workspace\8-2-build-windows-amd64-cygwin\jdk8u111\7883\hotspot\src\share\vm\runtime\sharedRuntime.cpp, line 605]
Event: 1.114 Thread 0x0000000019efc800 Exception <a 'java/lang/ArrayIndexOutOfBoundsException'> (0x00000000d76b1578) thrown at [C:\re\workspace\8-2-build-windows-amd64-cygwin\jdk8u111\7883\hotspot\src\share\vm\runtime\sharedRuntime.cpp, line 605]
Event: 1.329 Thread 0x0000000019efc800 Implicit null exception at 0x00000000034e6eb5 to 0x00000000034e70c1
Event: 1.329 Thread 0x0000000019efc800 Implicit null exception at 0x00000000034e5d58 to 0x00000000034e5de6
Event: 1.331 Thread 0x0000000019efc800 Implicit null exception at 0x000000000345532f to 0x0000000003455399
Event: 2.356 Thread 0x0000000019efc800 Implicit null exception at 0x00000000034a0497 to 0x00000000034a087d
Event: 3.769 Thread 0x0000000019efc800 Exception <a 'java/lang/ArrayIndexOutOfBoundsException': 79> (0x00000000d60a6aa8) thrown at [C:\re\workspace\8-2-build-windows-amd64-cygwin\jdk8u111\7883\hotspot\src\share\vm\interpreter\interpreterRuntime.cpp, line 366]
Event: 3.769 Thread 0x0000000019efc800 Exception <a 'java/lang/ArrayIndexOutOfBoundsException': 52> (0x00000000d60a7aa8) thrown at [C:\re\workspace\8-2-build-windows-amd64-cygwin\jdk8u111\7883\hotspot\src\share\vm\interpreter\interpreterRuntime.cpp, line 366]
Event: 3.769 Thread 0x0000000019efc800 Exception <a 'java/lang/ArrayIndexOutOfBoundsException': 114> (0x00000000d60a9318) thrown at [C:\re\workspace\8-2-build-windows-amd64-cygwin\jdk8u111\7883\hotspot\src\share\vm\interpreter\interpreterRuntime.cpp, line 366]
Event: 4.142 Thread 0x0000000019efc800 Implicit null exception at 0x0000000003916f2f to 0x0000000003917485

Events (10 events):
Event: 7.407 Thread 0x0000000019efc800 DEOPT PACKING pc=0x0000000003ae76c8 sp=0x000000001aa0d420
Event: 7.407 Thread 0x0000000019efc800 DEOPT UNPACKING pc=0x00000000031f582a sp=0x000000001aa0d3b0 mode 2
Event: 7.407 Thread 0x0000000019efc800 Uncommon trap: trap_request=0xffffff65 fr.pc=0x0000000003ac08e8
Event: 7.407 Thread 0x0000000019efc800 DEOPT PACKING pc=0x0000000003ac08e8 sp=0x000000001aa0d340
Event: 7.407 Thread 0x0000000019efc800 DEOPT UNPACKING pc=0x00000000031f582a sp=0x000000001aa0d340 mode 2
Event: 7.407 Thread 0x0000000019efc800 Uncommon trap: trap_request=0xffffff65 fr.pc=0x0000000003ae76c8
Event: 7.407 Thread 0x0000000019efc800 DEOPT PACKING pc=0x0000000003ae76c8 sp=0x000000001aa0d4b0
Event: 7.407 Thread 0x0000000019efc800 DEOPT UNPACKING pc=0x00000000031f582a sp=0x000000001aa0d440 mode 2
Event: 7.409 loading class java/lang/Throwable$WrappedPrintStream
Event: 7.409 loading class java/lang/Throwable$WrappedPrintStream done


Dynamic libraries:
0x00007ff648930000 - 0x00007ff648967000 	C:\Program Files\Java\jdk1.8.0_111\jre\bin\java.exe
0x00007fffc35d0000 - 0x00007fffc37c8000 	C:\WINDOWS\SYSTEM32\ntdll.dll
0x00007fffc3030000 - 0x00007fffc30ed000 	C:\WINDOWS\System32\KERNEL32.DLL
0x00007fffc10d0000 - 0x00007fffc13c6000 	C:\WINDOWS\System32\KERNELBASE.dll
0x00007fffc1b70000 - 0x00007fffc1c23000 	C:\WINDOWS\System32\ADVAPI32.dll
0x00007fffc2ca0000 - 0x00007fffc2d3e000 	C:\WINDOWS\System32\msvcrt.dll
0x00007fffc1e40000 - 0x00007fffc1edf000 	C:\WINDOWS\System32\sechost.dll
0x00007fffc3460000 - 0x00007fffc3586000 	C:\WINDOWS\System32\RPCRT4.dll
0x00007fffc1620000 - 0x00007fffc1647000 	C:\WINDOWS\System32\bcrypt.dll
0x00007fffc1f20000 - 0x00007fffc20be000 	C:\WINDOWS\System32\USER32.dll
0x00007fffc15f0000 - 0x00007fffc1612000 	C:\WINDOWS\System32\win32u.dll
0x00007fffc30f0000 - 0x00007fffc311b000 	C:\WINDOWS\System32\GDI32.dll
0x00007fffc14d0000 - 0x00007fffc15e7000 	C:\WINDOWS\System32\gdi32full.dll
0x00007fffc1030000 - 0x00007fffc10cd000 	C:\WINDOWS\System32\msvcp_win.dll
0x00007fffc0ee0000 - 0x00007fffc0fe0000 	C:\WINDOWS\System32\ucrtbase.dll
0x00007fffaf3d0000 - 0x00007fffaf66a000 	C:\WINDOWS\WinSxS\amd64_microsoft.windows.common-controls_6595b64144ccf1df_6.0.19041.3636_none_60b6a03d71f818d5\COMCTL32.dll
0x00007fffc1ee0000 - 0x00007fffc1f12000 	C:\WINDOWS\System32\IMM32.DLL
0x000000006f8a0000 - 0x000000006f972000 	C:\Program Files\Java\jdk1.8.0_111\jre\bin\msvcr100.dll
0x000000006f980000 - 0x000000007021a000 	C:\Program Files\Java\jdk1.8.0_111\jre\bin\server\jvm.dll
0x00007fffc32c0000 - 0x00007fffc32c8000 	C:\WINDOWS\System32\PSAPI.DLL
0x00007fffb0a90000 - 0x00007fffb0ab7000 	C:\WINDOWS\SYSTEM32\WINMM.dll
0x00007fffb53c0000 - 0x00007fffb53ca000 	C:\WINDOWS\SYSTEM32\VERSION.dll
0x00007fffbe250000 - 0x00007fffbe259000 	C:\WINDOWS\SYSTEM32\WSOCK32.dll
0x00007fffc20c0000 - 0x00007fffc212b000 	C:\WINDOWS\System32\WS2_32.dll
0x000000006f850000 - 0x000000006f85f000 	C:\Program Files\Java\jdk1.8.0_111\jre\bin\verify.dll
0x000000006f820000 - 0x000000006f849000 	C:\Program Files\Java\jdk1.8.0_111\jre\bin\java.dll
0x000000006f800000 - 0x000000006f816000 	C:\Program Files\Java\jdk1.8.0_111\jre\bin\zip.dll
0x00007fffc2130000 - 0x00007fffc2875000 	C:\WINDOWS\System32\SHELL32.dll
0x00007fffbee30000 - 0x00007fffbf5cc000 	C:\WINDOWS\SYSTEM32\windows.storage.dll
0x00007fffc2880000 - 0x00007fffc2bd4000 	C:\WINDOWS\System32\combase.dll
0x00007fffc07b0000 - 0x00007fffc07de000 	C:\WINDOWS\SYSTEM32\Wldp.dll
0x00007fffc2d50000 - 0x00007fffc2e1d000 	C:\WINDOWS\System32\OLEAUT32.dll
0x00007fffc33b0000 - 0x00007fffc345d000 	C:\WINDOWS\System32\SHCORE.dll
0x00007fffc2fd0000 - 0x00007fffc3025000 	C:\WINDOWS\System32\shlwapi.dll
0x00007fffc0cb0000 - 0x00007fffc0cd5000 	C:\WINDOWS\SYSTEM32\profapi.dll
0x00007fff9ef90000 - 0x00007fff9f07f000 	C:\Program Files\Java\jdk1.8.0_111\jre\bin\msvcr120.dll
0x00007fff9d810000 - 0x00007fff9d8b6000 	C:\Program Files\Java\jdk1.8.0_111\jre\bin\msvcp120.dll
0x000000006ea00000 - 0x000000006ea22000 	C:\Program Files\Java\jdk1.8.0_111\jre\bin\prism_d3d.dll
0x00007fff92d10000 - 0x00007fff92edd000 	C:\WINDOWS\system32\d3d9.dll
0x00007fffbec30000 - 0x00007fffbec42000 	C:\WINDOWS\SYSTEM32\kernel.appcore.dll
0x00007fffbe940000 - 0x00007fffbe96f000 	C:\WINDOWS\SYSTEM32\dwmapi.dll
0x00007fffbd9d0000 - 0x00007fffbda6e000 	C:\WINDOWS\system32\uxtheme.dll
0x00007fff6aec0000 - 0x00007fff6d3fa000 	C:\WINDOWS\SYSTEM32\igdumdim64.dll
0x00007fffc2e20000 - 0x00007fffc2f4b000 	C:\WINDOWS\System32\ole32.dll
0x00007fffc1700000 - 0x00007fffc1b6e000 	C:\WINDOWS\System32\SETUPAPI.dll
0x00007fffc0fe0000 - 0x00007fffc102e000 	C:\WINDOWS\System32\cfgmgr32.dll
0x000000006e9b0000 - 0x000000006e9f3000 	C:\Program Files\Java\jdk1.8.0_111\jre\bin\glass.dll
0x00007fffc32d0000 - 0x00007fffc33aa000 	C:\WINDOWS\System32\COMDLG32.dll
0x00007fffc3120000 - 0x00007fffc3234000 	C:\WINDOWS\System32\MSCTF.dll
0x00007fffc1440000 - 0x00007fffc14c2000 	C:\WINDOWS\System32\bcryptPrimitives.dll
0x00007fffb5e40000 - 0x00007fffb687f000 	C:\WINDOWS\SYSTEM32\igdusc64.dll
0x00007fffb7940000 - 0x00007fffb797b000 	C:\WINDOWS\SYSTEM32\dxcore.dll
0x000000006e990000 - 0x000000006e9a4000 	C:\Program Files\Java\jdk1.8.0_111\jre\bin\javafx_font.dll
0x00007fffa8bd0000 - 0x00007fffa8e4f000 	C:\WINDOWS\SYSTEM32\dwrite.dll
0x00007fffc0710000 - 0x00007fffc0728000 	C:\WINDOWS\SYSTEM32\CRYPTSP.dll
0x00007fffbfdd0000 - 0x00007fffbfe04000 	C:\WINDOWS\system32\rsaenh.dll
0x00007fffc0c70000 - 0x00007fffc0c9e000 	C:\WINDOWS\SYSTEM32\USERENV.dll
0x00007fffc0700000 - 0x00007fffc070c000 	C:\WINDOWS\SYSTEM32\CRYPTBASE.dll
0x000000006f7e0000 - 0x000000006f7fa000 	C:\Program Files\Java\jdk1.8.0_111\jre\bin\net.dll
0x00007fffc0510000 - 0x00007fffc057a000 	C:\WINDOWS\system32\mswsock.dll
0x00007fffc01b0000 - 0x00007fffc01eb000 	C:\WINDOWS\SYSTEM32\IPHLPAPI.DLL
0x00007fffc2c90000 - 0x00007fffc2c98000 	C:\WINDOWS\System32\NSI.dll
0x00007fffb8c20000 - 0x00007fffb8c37000 	C:\WINDOWS\SYSTEM32\dhcpcsvc6.DLL
0x00007fffb9470000 - 0x00007fffb948d000 	C:\WINDOWS\SYSTEM32\dhcpcsvc.DLL
0x00007fffc0200000 - 0x00007fffc02ca000 	C:\WINDOWS\SYSTEM32\DNSAPI.dll
0x000000006f7c0000 - 0x000000006f7d1000 	C:\Program Files\Java\jdk1.8.0_111\jre\bin\nio.dll
0x00007fffc2be0000 - 0x00007fffc2c89000 	C:\WINDOWS\System32\clbcatq.dll
0x00007fffb9270000 - 0x00007fffb9424000 	C:\WINDOWS\SYSTEM32\WindowsCodecs.dll
0x00007fffa49c0000 - 0x00007fffa49fe000 	C:\WINDOWS\system32\dataexchange.dll
0x00007fffbc3f0000 - 0x00007fffbc653000 	C:\WINDOWS\system32\d3d11.dll
0x00007fffbcd80000 - 0x00007fffbcf63000 	C:\WINDOWS\system32\dcomp.dll
0x00007fffbf630000 - 0x00007fffbf723000 	C:\WINDOWS\system32\dxgi.dll
0x00007fffb9590000 - 0x00007fffb9793000 	C:\WINDOWS\system32\twinapi.appcore.dll
0x00007fffa4370000 - 0x00007fffa43a4000 	C:\Program Files\Common Files\Microsoft Shared\Ink\rtscom.dll
0x00007fffaf0c0000 - 0x00007fffaf1b9000 	C:\WINDOWS\SYSTEM32\textinputframework.dll
0x00007fffbd2f0000 - 0x00007fffbd64b000 	C:\WINDOWS\System32\CoreUIComponents.dll
0x00007fffbd650000 - 0x00007fffbd742000 	C:\WINDOWS\System32\CoreMessaging.dll
0x00007fffbfef0000 - 0x00007fffbff23000 	C:\WINDOWS\SYSTEM32\ntmarta.dll
0x00007fffbcc20000 - 0x00007fffbcd75000 	C:\WINDOWS\SYSTEM32\wintypes.dll
0x00007fffade10000 - 0x00007fffade76000 	C:\WINDOWS\system32\Oleacc.dll
0x00007fffbc660000 - 0x00007fffbcc20000 	C:\WINDOWS\SYSTEM32\d2d1.dll
0x00007fffb79d0000 - 0x00007fffb80c6000 	C:\WINDOWS\SYSTEM32\D3D10Warp.dll
0x000000006e970000 - 0x000000006e981000 	C:\Program Files\Java\jdk1.8.0_111\jre\bin\prism_common.dll

VM Arguments:
jvm_args: -Dfile.encoding=UTF-8 
java_command: C:\Users\Samer\Documents\NetBeansProjects\PulsePro\dist\run2117312362\PulsePro.jar
java_class_path (initial): C:\Users\Samer\Documents\NetBeansProjects\PulsePro\dist\run2117312362\PulsePro.jar
Launcher Type: SUN_STANDARD

Environment Variables:
PATH=C:\Program Files (x86)\Common Files\Oracle\Java\javapath;C:\WINDOWS\system32;C:\WINDOWS;C:\WINDOWS\System32\Wbem;C:\WINDOWS\System32\WindowsPowerShell\v1.0;C:\WINDOWS\System32\OpenSSH;C:\Program Files\Git\cmd;C:\Program Files\nodejs;C:\Users\Samer\AppData\Local\Microsoft\WindowsApps;C:\Users\Samer\AppData\Local\GitHubDesktop\bin;C:\Users\Samer\AppData\Local\Programs\Microsoft VS Code\bin;C:\Users\Samer\AppData\Roaming\npm
USERNAME=Samer
OS=Windows_NT
PROCESSOR_IDENTIFIER=Intel64 Family 6 Model 69 Stepping 1, GenuineIntel



---------------  S Y S T E M  ---------------

OS: Windows 10.0 , 64 bit Build 19041 (10.0.19041.3636)

CPU:total 4 (2 cores per cpu, 2 threads per core) family 6 model 69 stepping 1, cmov, cx8, fxsr, mmx, sse, sse2, sse3, ssse3, sse4.1, sse4.2, popcnt, avx, avx2, aes, clmul, erms, lzcnt, ht, tsc, tscinvbit, bmi1, bmi2

Memory: 4k page, physical 8302956k(964120k free), swap 33468780k(5248k free)

vm_info: Java HotSpot(TM) 64-Bit Server VM (25.111-b14) for windows-amd64 JRE (1.8.0_111-b14), built on Sep 22 2016 19:24:05 by "java_re" with MS VC++ 10.0 (VS2010)

time: Mon Feb 12 22:28:02 2024
elapsed time: 7 seconds (0d 0h 0m 7s)

